<?xml version="1.0" encoding="UTF-8"?><testsuite errors="0" failures="1" name="Testing different request on the user application" skipped="0" tests="1" time="11.84" timestamp="2023-01-10T10:51:01.773Z[Europe/London]"><testcase name="Create a new user &amp; verify if the user is added"><failure message="1 expectation failed.&#10;Expected status code &lt;200&gt; but was &lt;405&gt;.&#10;" type="java.lang.AssertionError">1 expectation failed.
Expected status code &lt;200&gt; but was &lt;405&gt;.
</failure><system-err>1 expectation failed.
Expected status code &lt;200&gt; but was &lt;405&gt;.
&#13;
io.restassured.internal.ResponseSpecificationImpl.validateResponseIfRequired(ResponseSpecificationImpl.groovy:636)&#13;
io.restassured.internal.ResponseSpecificationImpl.statusCode(ResponseSpecificationImpl.groovy:122)&#13;
io.restassured.internal.ResponseSpecificationImpl.statusCode(ResponseSpecificationImpl.groovy:130)&#13;
io.restassured.internal.ValidatableResponseOptionsImpl.statusCode(ValidatableResponseOptionsImpl.java:117)&#13;
io.swagger.swaggerinfo.UserSteps.createUser(UserSteps.java:21)&#13;
io.swagger.cucumber.step.UserStepdefs.iCreateANewUserByProvidingTheInformationIdUsernameFirstNameLastNameEmailPasswordPhoneUserStatus(UserStepdefs.java:44)&#13;
✽.When I create a new user by providing the information id "101" username "Testing" firstName "software" lastName "selenium" email "prime1@gmail.com"password"Tomtpom"phone"08765434677"userStatus"0"(src/test/java/resources/feature/user.feature:8)&#13;
</system-err></testcase></testsuite>